[09/07/2022 08:39:20] Debug: Session id: 55693cfa-9e35-4b2f-862b-4dcf82eeea37
[09/07/2022 08:39:20] Debug: Code Processor information: Name :SnowConvert, Version: 9.0.11.0
[09/07/2022 08:39:21] Debug: Getting license
[09/07/2022 08:39:21] Debug: License information
	Status: Failed
	Message: No active license available.
[09/07/2022 08:39:21] Info: Starting to validate parameters
[09/07/2022 08:39:21] Info: Parameters to validate: 
	Execution mode: Conversion
	LICENSE_KEY: a3372138-b87e-4a08-b929-3b48b24c63f1
[09/07/2022 08:39:21] Info: Validation of parameters: Success
[09/07/2022 08:39:21] Debug: Getting code descriptor
[09/07/2022 08:39:21] Debug: Code descriptor information
	Units: 51
	Units type: LOC
	All file bytes: 2141
	All found extensions: .sql,.dml,.ddl,.bteq,.btq,.fl,.fload,.ml,.mload,.mld,.tp,.tpump,.tpt
[09/07/2022 08:39:21] Debug: Calculating fingerprint
[09/07/2022 08:39:21] Debug: Fingerprint information Fingerprint(size=2141,projects=1)
[09/07/2022 08:39:21] Info: Starting to try to validate online license for execution
[09/07/2022 08:39:22] Debug: Getting license
[09/07/2022 08:39:22] Debug: License information
	Status: Failed
	Message: No active license available.
[09/07/2022 08:39:22] Debug: Starting the execution of the controller
[09/07/2022 08:39:23] Debug: Executing the worker: SnowConvert
[09/07/2022 08:39:33] Debug: Finished executing the worker: SnowConvert
[09/07/2022 08:39:35] Info: Controller execution ended
